This is pdfTeX, Version 3.1415926-2.5-1.40.14 (TeX Live 2013/Debian) (format=pdflatex 2014.7.8)  11 SEP 2014 19:59
entering extended mode
 restricted \write18 enabled.
 %&-line parsing enabled.
**window
(./window.tex
LaTeX2e <2011/06/27>
Babel <3.9h> and hyphenation patterns for 2 languages loaded.
(./emulateapj.cls
Document Class: emulateapj 
\bibbaselineskip=\skip41
(./revtex4.cls
Document Class: revtex4 2001/08/03 v4.0 (http://publish.aps.org/revtex4/ for do
cumentation)
 Copyright (c) 2001 The American Physical Society.
 mailto:revtex@aps.org
 Licensed under the LPPL:
http://www.ctan.org/tex-archive/macros/latex/base/lppl.txt
 Arthur Ogawa <ogawa@teleport.com>
 Based on work by David Carlisle <david@dcarlisle.demon.co.uk>.
ltxutil: portions licensed from W. E. Baxter (web@superscript.com)
Class revtex4 Info: Repairing broken LateX \@sect on input line 596.
\intertabularlinepenalty=\count79
\@tbpen=\count80
\@arstrutbox@hline=\box26
Class revtex4 Info: Repairing broken LaTeX \@xbitor on input line 1610.
ltxgrid: portions licensed from W. E. Baxter (web@superscript.com)
\c@linecount=\count81
\output=\toks14
\@protection@box=\box27
\@topmark@saved=\toks15
\footins@saved=\box28
\pagesofar=\box29
\footbox=\box30
\pagegrid@col=\count82
Class revtex4 Info: Incorporating package {textcase}  [1998/11/12 v0.06 Text on
ly upper/lower case changing (DPC)]. on input line 3682.
(/usr/share/texlive/texmf-dist/tex/latex/url/url.sty
\Urlmuskip=\muskip10
Package: url 2013/09/16  ver 3.4  Verb mode for urls, etc.
)
\c@affil=\count83
\absbox=\box31
\c@part=\count84
\c@section=\count85
\c@subsection=\count86
\c@subsubsection=\count87
\c@paragraph=\count88
\c@subparagraph=\count89
\abovecaptionskip=\skip42
\belowcaptionskip=\skip43
\c@figure=\count90
\c@table=\count91

(/usr/share/texlive/texmf-dist/tex/latex/natbib/natbib.sty
Package: natbib 2010/09/13 8.31b (PWD, AO)
\bibhang=\skip44
\bibsep=\skip45
LaTeX Info: Redefining \cite on input line 694.
\c@NAT@ctr=\count92
)
\widetext@top=\box32
\widetext@bot=\box33
 (./revsymb.sty
Package: revsymb 2001/08/03 v4.0 (http://publish.aps.org/revtex4/ for documenta
tion)
LaTeX Info: Redefining \REV@mathfrak on input line 118.
))

Class revtex4 Warning: No Society specified, using generic APS style.

(./aps.rtx.tex
File: aps.rtx 2001/08/03 v4.0 (http://publish.aps.org/revtex4/ for documentatio
n)
) (./10pt.rtx.tex
File: 10pt.rtx 2001/08/03 v4.0 (http://publish.aps.org/revtex4/ for documentati
on)
)
(/usr/share/texlive/texmf-dist/tex/latex/base/latexsym.sty
Package: latexsym 1998/08/17 v2.2e Standard LaTeX package (lasy symbols)
\symlasy=\mathgroup4
LaTeX Font Info:    Overwriting symbol font `lasy' in version `bold'
(Font)                  U/lasy/m/n --> U/lasy/b/n on input line 47.
)
(/usr/share/texlive/texmf-dist/tex/latex/graphics/graphicx.sty
Package: graphicx 1999/02/16 v1.0f Enhanced LaTeX Graphics (DPC,SPQR)

(/usr/share/texlive/texmf-dist/tex/latex/graphics/keyval.sty
Package: keyval 1999/03/16 v1.13 key=value parser (DPC)
\KV@toks@=\toks16
)
(/usr/share/texlive/texmf-dist/tex/latex/graphics/graphics.sty
Package: graphics 2009/02/05 v1.0o Standard LaTeX Graphics (DPC,SPQR)

(/usr/share/texlive/texmf-dist/tex/latex/graphics/trig.sty
Package: trig 1999/03/16 v1.09 sin cos tan (DPC)
)
(/usr/share/texlive/texmf-dist/tex/latex/latexconfig/graphics.cfg
File: graphics.cfg 2010/04/23 v1.9 graphics configuration of TeX Live
)
Package graphics Info: Driver file: pdftex.def on input line 91.

(/usr/share/texlive/texmf-dist/tex/latex/pdftex-def/pdftex.def
File: pdftex.def 2011/05/27 v0.06d Graphics/color for pdfTeX

(/usr/share/texlive/texmf-dist/tex/generic/oberdiek/infwarerr.sty
Package: infwarerr 2010/04/08 v1.3 Providing info/warning/error messages (HO)
)
(/usr/share/texlive/texmf-dist/tex/generic/oberdiek/ltxcmds.sty
Package: ltxcmds 2011/11/09 v1.22 LaTeX kernel commands for general use (HO)
)
\Gread@gobject=\count93
))
\Gin@req@height=\dimen102
\Gin@req@width=\dimen103
)
(/usr/share/texlive/texmf-dist/tex/latex/amsfonts/amssymb.sty
Package: amssymb 2013/01/14 v3.01 AMS font symbols

(/usr/share/texlive/texmf-dist/tex/latex/amsfonts/amsfonts.sty
Package: amsfonts 2013/01/14 v3.01 Basic AMSFonts support
\@emptytoks=\toks17
\symAMSa=\mathgroup5
\symAMSb=\mathgroup6
LaTeX Font Info:    Overwriting math alphabet `\mathfrak' in version `bold'
(Font)                  U/euf/m/n --> U/euf/b/n on input line 106.
LaTeX Info: Redefining \frak on input line 111.
LaTeX Info: Redefining \Bbb on input line 113.
))
(/usr/share/texlive/texmf-dist/tex/latex/tools/longtable.sty
Package: longtable 2004/02/01 v4.11 Multi-page Table package (DPC)
\LTleft=\skip46
\LTright=\skip47
\LTpre=\skip48
\LTpost=\skip49
\LTchunksize=\count94
\LTcapwidth=\dimen104
\LT@head=\box34
\LT@firsthead=\box35
\LT@foot=\box36
\LT@lastfoot=\box37
\LT@cols=\count95
\LT@rows=\count96
\c@LT@tables=\count97
\c@LT@chunks=\count98
\LT@p@ftn=\toks18
)
(/usr/share/texlive/texmf-dist/tex/generic/epsf/epsf.sty
This is `epsf.tex' v2.7.4 <14 February 2011>
\epsffilein=\read1
\epsfframemargin=\dimen105
\epsfframethickness=\dimen106
\epsfrsize=\dimen107
\epsftmp=\dimen108
\epsftsize=\dimen109
\epsfxsize=\dimen110
\epsfysize=\dimen111
\pspoints=\dimen112
)
\c@front@matter@foot@note=\count99
\alt@affil@toks=\toks19
\alt@affil@toks@count=\toks20
\keys@width=\skip50
\c@lastfootnote=\count100
\c@remember@figure@num=\count101
\c@remember@table@num=\count102
\bibindent=\dimen113
\plot@width=\skip51
\c@table@save=\count103
\table@note@skip=\skip52
\deluxe@table@width=\skip53
\@d@t@a=\skip54
\c@deluxe@table@num=\count104
\abovedeluxetableskip=\skip55
\belowdeluxetableskip=\skip56
\lastrowheight=\dimen114
\DT@p@ftn=\toks21
\pt@column=\count105
\pt@ncol=\count106
) (/usr/share/texlive/texmf-dist/tex/latex/amsmath/amsmath.sty
Package: amsmath 2013/01/14 v2.14 AMS math features
\@mathmargin=\skip57

For additional information on amsmath, use the `?' option.
(/usr/share/texlive/texmf-dist/tex/latex/amsmath/amstext.sty
Package: amstext 2000/06/29 v2.01

(/usr/share/texlive/texmf-dist/tex/latex/amsmath/amsgen.sty
File: amsgen.sty 1999/11/30 v2.0
\@emptytoks=\toks22
\ex@=\dimen115
))
(/usr/share/texlive/texmf-dist/tex/latex/amsmath/amsbsy.sty
Package: amsbsy 1999/11/29 v1.2d
\pmbraise@=\dimen116
)
(/usr/share/texlive/texmf-dist/tex/latex/amsmath/amsopn.sty
Package: amsopn 1999/12/14 v2.01 operator names
)
\inf@bad=\count107
LaTeX Info: Redefining \frac on input line 210.
\uproot@=\count108
\leftroot@=\count109
LaTeX Info: Redefining \overline on input line 306.
\classnum@=\count110
\DOTSCASE@=\count111
LaTeX Info: Redefining \ldots on input line 378.
LaTeX Info: Redefining \dots on input line 381.
LaTeX Info: Redefining \cdots on input line 466.
\Mathstrutbox@=\box38
\strutbox@=\box39
\big@size=\dimen117
LaTeX Font Info:    Redeclaring font encoding OML on input line 566.
LaTeX Font Info:    Redeclaring font encoding OMS on input line 567.
\macc@depth=\count112
\c@MaxMatrixCols=\count113
\dotsspace@=\muskip11
\c@parentequation=\count114
\dspbrk@lvl=\count115
\tag@help=\toks23
\row@=\count116
\column@=\count117
\maxfields@=\count118
\andhelp@=\toks24
\eqnshift@=\dimen118
\alignsep@=\dimen119
\tagshift@=\dimen120
\tagwidth@=\dimen121
\totwidth@=\dimen122
\lineht@=\dimen123
\@envbody=\toks25
\multlinegap=\skip58
\multlinetaggap=\skip59
\mathdisplay@stack=\toks26
LaTeX Info: Redefining \[ on input line 2665.
LaTeX Info: Redefining \] on input line 2666.
) (./aas_macros.sty) (/usr/share/texlive/texmf-dist/tex/generic/ulem/ulem.sty
\UL@box=\box40
\UL@hyphenbox=\box41
\UL@skip=\skip60
\UL@hook=\toks27
\UL@height=\dimen124
\UL@pe=\count119
\UL@pixel=\dimen125
\ULC@box=\box42
Package: ulem 2012/05/18
\ULdepth=\dimen126
)
(/usr/share/texlive/texmf-dist/tex/latex/graphics/color.sty
Package: color 2005/11/14 v1.0j Standard LaTeX Color (DPC)

(/usr/share/texlive/texmf-dist/tex/latex/latexconfig/color.cfg
File: color.cfg 2007/01/18 v1.5 color configuration of teTeX/TeXLive
)
Package color Info: Driver file: pdftex.def on input line 130.
)

LaTeX Warning: Unused global option(s):
    [twocolumns].

(./window.aux

LaTeX Warning: Label `eq:heating_rate0' multiply defined.


LaTeX Warning: Label `eq:heating_rate0' multiply defined.


LaTeX Warning: Label `eq:heat_fluc_newt1' multiply defined.


LaTeX Warning: Label `eq:FT_delta' multiply defined.


LaTeX Warning: Label `eq:heat_fluc0' multiply defined.

)
\openout1 = `window.aux'.

LaTeX Font Info:    Checking defaults for OML/cmm/m/it on input line 24.
LaTeX Font Info:    ... okay on input line 24.
LaTeX Font Info:    Checking defaults for T1/cmr/m/n on input line 24.
LaTeX Font Info:    ... okay on input line 24.
LaTeX Font Info:    Checking defaults for OT1/cmr/m/n on input line 24.
LaTeX Font Info:    ... okay on input line 24.
LaTeX Font Info:    Checking defaults for OMS/cmsy/m/n on input line 24.
LaTeX Font Info:    ... okay on input line 24.
LaTeX Font Info:    Checking defaults for OMX/cmex/m/n on input line 24.
LaTeX Font Info:    ... okay on input line 24.
LaTeX Font Info:    Checking defaults for U/cmr/m/n on input line 24.
LaTeX Font Info:    ... okay on input line 24.
Class revtex4 Info: Patching LaTeX tabular. on input line 24.
Class revtex4 Info: Patching unrecognized longtable package. (Proceeding with f
ingers crossed) on input line 24.
Class revtex4 Info: cite was not loaded (OK!) on input line 24.
Class revtex4 Info: multicol was not loaded (OK!) on input line 24.
 (/usr/share/texlive/texmf-dist/tex/context/base/supp-pdf.mkii
[Loading MPS to PDF converter (version 2006.09.02).]
\scratchcounter=\count120
\scratchdimen=\dimen127
\scratchbox=\box43
\nofMPsegments=\count121
\nofMParguments=\count122
\everyMPshowfont=\toks28
\MPscratchCnt=\count123
\MPscratchDim=\dimen128
\MPnumerator=\count124
\makeMPintoPDFobject=\count125
\everyMPtoPDFconversion=\toks29
) (/usr/share/texlive/texmf-dist/tex/generic/oberdiek/pdftexcmds.sty
Package: pdftexcmds 2011/11/29 v0.20 Utility functions of pdfTeX for LuaTeX (HO
)

(/usr/share/texlive/texmf-dist/tex/generic/oberdiek/ifluatex.sty
Package: ifluatex 2010/03/01 v1.3 Provides the ifluatex switch (HO)
Package ifluatex Info: LuaTeX not detected.
)
(/usr/share/texlive/texmf-dist/tex/generic/oberdiek/ifpdf.sty
Package: ifpdf 2011/01/30 v2.3 Provides the ifpdf switch (HO)
Package ifpdf Info: pdfTeX in PDF mode is detected.
)
Package pdftexcmds Info: LuaTeX not detected.
Package pdftexcmds Info: \pdf@primitive is available.
Package pdftexcmds Info: \pdf@ifprimitive is available.
Package pdftexcmds Info: \pdfdraftmode found.
)
(/usr/share/texlive/texmf-dist/tex/latex/oberdiek/epstopdf-base.sty
Package: epstopdf-base 2010/02/09 v2.5 Base part for package epstopdf

(/usr/share/texlive/texmf-dist/tex/latex/oberdiek/grfext.sty
Package: grfext 2010/08/19 v1.1 Manage graphics extensions (HO)

(/usr/share/texlive/texmf-dist/tex/generic/oberdiek/kvdefinekeys.sty
Package: kvdefinekeys 2011/04/07 v1.3 Define keys (HO)
))
(/usr/share/texlive/texmf-dist/tex/latex/oberdiek/kvoptions.sty
Package: kvoptions 2011/06/30 v3.11 Key value format for package options (HO)

(/usr/share/texlive/texmf-dist/tex/generic/oberdiek/kvsetkeys.sty
Package: kvsetkeys 2012/04/25 v1.16 Key value parser (HO)

(/usr/share/texlive/texmf-dist/tex/generic/oberdiek/etexcmds.sty
Package: etexcmds 2011/02/16 v1.5 Avoid name clashes with e-TeX commands (HO)
Package etexcmds Info: Could not find \expanded.
(etexcmds)             That can mean that you are not using pdfTeX 1.50 or
(etexcmds)             that some package has redefined \expanded.
(etexcmds)             In the latter case, load this package earlier.
)))
Package grfext Info: Graphics extension search list:
(grfext)             [.png,.pdf,.jpg,.mps,.jpeg,.jbig2,.jb2,.PNG,.PDF,.JPG,.JPE
G,.JBIG2,.JB2,.eps]
(grfext)             \AppendGraphicsExtensions on input line 452.

(/usr/share/texlive/texmf-dist/tex/latex/latexconfig/epstopdf-sys.cfg
File: epstopdf-sys.cfg 2010/07/13 v1.3 Configuration of (r)epstopdf for TeX Liv
e
))
LaTeX Font Info:    Try loading font information for U+lasy on input line 43.

(/usr/share/texlive/texmf-dist/tex/latex/base/ulasy.fd
File: ulasy.fd 1998/08/17 v2.2e LaTeX symbol font definitions
)
LaTeX Font Info:    Try loading font information for U+msa on input line 43.

(/usr/share/texlive/texmf-dist/tex/latex/amsfonts/umsa.fd
File: umsa.fd 2013/01/14 v3.01 AMS symbols A
)
LaTeX Font Info:    Try loading font information for U+msb on input line 43.

(/usr/share/texlive/texmf-dist/tex/latex/amsfonts/umsb.fd
File: umsb.fd 2013/01/14 v3.01 AMS symbols B
)
Underfull \hbox (badness 6625) in paragraph at lines 50--51
\OT1/cmr/m/n/10 high en-ergy gamma rays (E$\OMS/cmsy/m/n/10 ^^U$\OT1/cmr/m/n/10
 100 GeV). About
 []


Underfull \hbox (badness 2961) in paragraph at lines 50--51
\OT1/cmr/m/n/10 50 of these sources have been dis-cov-ered so far
 []


Underfull \hbox (badness 10000) in paragraph at lines 50--51
\OT1/cmr/m/n/10 (http://tevcat.uchicago.edu/), by the space-based
 []

[1{/var/lib/texmf/fonts/map/pdftex/updmap/pdftex.map}]
Underfull \hbox (badness 2150) in paragraph at lines 97--99
|   []   |   []   |   []   |   []   |   []   |   []   |   []
 []

[2]
Overfull \hbox (20.51149pt too wide) detected at line 162
\OT1/cmr/m/n/10 ^^H[](\OML/cmm/m/it/10 z\OT1/cmr/m/n/10 ) = 10[]\OML/cmm/m/it/1
0 :
 []

[3]
Package epstopdf Info: Source file: <window_gal_qso.eps>
(epstopdf)                    date: 2014-09-11 14:06:59
(epstopdf)                    size: 87125 bytes
(epstopdf)             Output file: <window_gal_qso-eps-converted-to.pdf>
(epstopdf)                    date: 2014-09-11 14:06:59
(epstopdf)                    size: 9225 bytes
(epstopdf)             Command: <repstopdf --outfile=window_gal_qso-eps-convert
ed-to.pdf window_gal_qso.eps>
(epstopdf)             \includegraphics on input line 192.
Package epstopdf Info: Output file is already uptodate.
 <window_gal_qso-eps-converted-to.pdf, id=31, 361.35pt x 361.35pt>
File: window_gal_qso-eps-converted-to.pdf Graphic file (type pdf)

<use window_gal_qso-eps-converted-to.pdf>
Package pdftex.def Info: window_gal_qso-eps-converted-to.pdf used on input line
 192.
(pdftex.def)             Requested size: 230.90128pt x 230.8993pt.

Underfull \hbox (badness 1845) in paragraph at lines 212--214
[]|   []   |   []   |   []   |   []   |   []   |   []
 []

[4 <./window_gal_qso-eps-converted-to.pdf>]
<data_rho_z3_qso4.png, id=41, 433.62pt x 325.215pt>
File: data_rho_z3_qso4.png Graphic file (type png)
 <use data_rho_z3_qso4.png>
Package pdftex.def Info: data_rho_z3_qso4.png used on input line 252.
(pdftex.def)             Requested size: 230.90128pt x 173.17696pt.

<data_rho_z1_qso4.png, id=43, 433.62pt x 325.215pt>
File: data_rho_z1_qso4.png Graphic file (type png)
 <use data_rho_z1_qso4.png>
Package pdftex.def Info: data_rho_z1_qso4.png used on input line 253.
(pdftex.def)             Requested size: 230.90128pt x 173.17696pt.

<data_delta_z3_gal2.png, id=44, 433.62pt x 325.215pt>
File: data_delta_z3_gal2.png Graphic file (type png)

<use data_delta_z3_gal2.png>
Package pdftex.def Info: data_delta_z3_gal2.png used on input line 254.
(pdftex.def)             Requested size: 230.90128pt x 173.17696pt.

<data_delta_z1_gal2.png, id=45, 433.62pt x 325.215pt>
File: data_delta_z1_gal2.png Graphic file (type png)

<use data_delta_z1_gal2.png>
Package pdftex.def Info: data_delta_z1_gal2.png used on input line 255.
(pdftex.def)             Requested size: 230.90128pt x 173.17696pt.

<data_delta_z3_qso4.png, id=46, 433.62pt x 325.215pt>
File: data_delta_z3_qso4.png Graphic file (type png)

<use data_delta_z3_qso4.png>
Package pdftex.def Info: data_delta_z3_qso4.png used on input line 257.
(pdftex.def)             Requested size: 230.90128pt x 173.17696pt.

<data_delta_z1_qso4.png, id=47, 433.62pt x 325.215pt>
File: data_delta_z1_qso4.png Graphic file (type png)

<use data_delta_z1_qso4.png>
Package pdftex.def Info: data_delta_z1_qso4.png used on input line 258.
(pdftex.def)             Requested size: 230.90128pt x 173.17696pt.
 <data_U_z3_gal2.png, id=48, 433.62pt x 325.215pt>
File: data_U_z3_gal2.png Graphic file (type png)

<use data_U_z3_gal2.png>
Package pdftex.def Info: data_U_z3_gal2.png used on input line 268.
(pdftex.def)             Requested size: 230.90128pt x 173.17696pt.
 <data_U_z1_gal2.png, id=49, 433.62pt x 325.215pt>
File: data_U_z1_gal2.png Graphic file (type png)

<use data_U_z1_gal2.png>
Package pdftex.def Info: data_U_z1_gal2.png used on input line 269.
(pdftex.def)             Requested size: 230.90128pt x 173.17696pt.
 <data_U_z3_qso4.png, id=50, 433.62pt x 325.215pt>
File: data_U_z3_qso4.png Graphic file (type png)

<use data_U_z3_qso4.png>
Package pdftex.def Info: data_U_z3_qso4.png used on input line 271.
(pdftex.def)             Requested size: 230.90128pt x 173.17696pt.
 <data_U_z1_qso4.png, id=51, 433.62pt x 325.215pt>
File: data_U_z1_qso4.png Graphic file (type png)

<use data_U_z1_qso4.png>
Package pdftex.def Info: data_U_z1_qso4.png used on input line 272.
(pdftex.def)             Requested size: 230.90128pt x 173.17696pt.
 <T_rho_z4_256_gal2.png, id=52, 578.16pt x 433.62pt>
File: T_rho_z4_256_gal2.png Graphic file (type png)

<use T_rho_z4_256_gal2.png>
Package pdftex.def Info: T_rho_z4_256_gal2.png used on input line 303.
(pdftex.def)             Requested size: 215.50838pt x 161.62785pt.

<T_rho_z4_qso_256_div4.png, id=53, 578.16pt x 433.62pt>
File: T_rho_z4_qso_256_div4.png Graphic file (type png)

<use T_rho_z4_qso_256_div4.png>
Package pdftex.def Info: T_rho_z4_qso_256_div4.png used on input line 304.
(pdftex.def)             Requested size: 215.50838pt x 161.62785pt.

<T_rho_z3_256_gal2.png, id=54, 578.16pt x 433.62pt>
File: T_rho_z3_256_gal2.png Graphic file (type png)

<use T_rho_z3_256_gal2.png>
Package pdftex.def Info: T_rho_z3_256_gal2.png used on input line 305.
(pdftex.def)             Requested size: 215.50838pt x 161.62785pt.

<T_rho_z3_qso_256_div4.png, id=55, 578.16pt x 433.62pt>
File: T_rho_z3_qso_256_div4.png Graphic file (type png)

<use T_rho_z3_qso_256_div4.png>
Package pdftex.def Info: T_rho_z3_qso_256_div4.png used on input line 306.
(pdftex.def)             Requested size: 215.50838pt x 161.62785pt.

<T_rho_z2_256_gal2.png, id=56, 578.16pt x 433.62pt>
File: T_rho_z2_256_gal2.png Graphic file (type png)

<use T_rho_z2_256_gal2.png>
Package pdftex.def Info: T_rho_z2_256_gal2.png used on input line 307.
(pdftex.def)             Requested size: 215.50838pt x 161.62785pt.

<T_rho_z2_qso_256_div4.png, id=57, 578.16pt x 433.62pt>
File: T_rho_z2_qso_256_div4.png Graphic file (type png)

<use T_rho_z2_qso_256_div4.png>
Package pdftex.def Info: T_rho_z2_qso_256_div4.png used on input line 308.
(pdftex.def)             Requested size: 215.50838pt x 161.62785pt.

<T_rho_z1_256_gal2.png, id=58, 578.16pt x 433.62pt>
File: T_rho_z1_256_gal2.png Graphic file (type png)

<use T_rho_z1_256_gal2.png>
Package pdftex.def Info: T_rho_z1_256_gal2.png used on input line 309.
(pdftex.def)             Requested size: 215.50838pt x 161.62785pt.

<T_rho_z1_qso_256_div4.png, id=59, 578.16pt x 433.62pt>
File: T_rho_z1_qso_256_div4.png Graphic file (type png)

<use T_rho_z1_qso_256_div4.png>
Package pdftex.def Info: T_rho_z1_qso_256_div4.png used on input line 310.
(pdftex.def)             Requested size: 215.50838pt x 161.62785pt.


LaTeX Warning: Float too large for page by 4.39157pt on input line 313.

<full_PDF_256_gal_qso.pdf, id=60, 361.35pt x 325.215pt>
File: full_PDF_256_gal_qso.pdf Graphic file (type pdf)

<use full_PDF_256_gal_qso.pdf>
Package pdftex.def Info: full_PDF_256_gal_qso.pdf used on input line 318.
(pdftex.def)             Requested size: 230.90128pt x 207.80937pt.


LaTeX Warning: `h' float specifier changed to `ht'.

<delta_deltah_z3_qso4_256.png, id=61, 578.16pt x 433.62pt>
File: delta_deltah_z3_qso4_256.png Graphic file (type png)

<use delta_deltah_z3_qso4_256.png>
Package pdftex.def Info: delta_deltah_z3_qso4_256.png used on input line 330.
(pdftex.def)             Requested size: 123.151pt x 92.35971pt.

<delta_deltah_z1_qso4_256.png, id=62, 578.16pt x 433.62pt>
File: delta_deltah_z1_qso4_256.png Graphic file (type png)

<use delta_deltah_z1_qso4_256.png>
Package pdftex.def Info: delta_deltah_z1_qso4_256.png used on input line 331.
(pdftex.def)             Requested size: 123.151pt x 92.35971pt.

<delta_deltah_z3_gal2_256.png, id=63, 578.16pt x 433.62pt>
File: delta_deltah_z3_gal2_256.png Graphic file (type png)

<use delta_deltah_z3_gal2_256.png>
Package pdftex.def Info: delta_deltah_z3_gal2_256.png used on input line 332.
(pdftex.def)             Requested size: 123.151pt x 92.35971pt.

<delta_deltah_z1_gal2_256.png, id=64, 578.16pt x 433.62pt>
File: delta_deltah_z1_gal2_256.png Graphic file (type png)

<use delta_deltah_z1_gal2_256.png>
Package pdftex.def Info: delta_deltah_z1_gal2_256.png used on input line 333.
(pdftex.def)             Requested size: 123.151pt x 92.35971pt.


Class revtex4 Warning: Float cannot be placed.

[5] [6 <./data_rho_z3_qso4.png> <./data_rho_z1_qso4.png> <./data_delta_z3_gal2.
png> <./data_delta_z1_gal2.png> <./data_delta_z3_qso4.png> <./data_delta_z1_qso
4.png>]
LaTeX Font Info:    Try loading font information for OMS+cmr on input line 357.

 (/usr/share/texlive/texmf-dist/tex/latex/base/omscmr.fd
File: omscmr.fd 1999/05/25 v2.5h Standard LaTeX font definitions
)
LaTeX Font Info:    Font shape `OMS/cmr/m/n' in size <10> not available
(Font)              Font shape `OMS/cmsy/m/n' tried instead on input line 357.
 [7 <./data_U_z3_gal2.png> <./data_U_z1_gal2.png> <./data_U_z3_qso4.png> <./dat
a_U_z1_qso4.png>] [8 <./T_rho_z4_256_gal2.png> <./T_rho_z4_qso_256_div4.png> <.
/T_rho_z3_256_gal2.png> <./T_rho_z3_qso_256_div4.png> <./T_rho_z2_256_gal2.png>
 <./T_rho_z2_qso_256_div4.png> <./T_rho_z1_256_gal2.png> <./T_rho_z1_qso_256_di
v4.png>]

LaTeX Warning: A float is stuck (cannot be placed) on input line 377.


LaTeX Warning: A float is stuck (cannot be placed) on input line 377.


Class revtex4 Warning: Deferred float stuck during \clearpage processing.

[9 <./full_PDF_256_gal_qso.pdf>]

LaTeX Warning: A float is stuck (cannot be placed) on input line 429.

[10 <./delta_deltah_z3_qso4_256.png> <./delta_deltah_z1_qso4_256.png> <./delta_
deltah_z3_gal2_256.png> <./delta_deltah_z1_gal2_256.png>]
Package epstopdf Info: Source file: <newtonian_window.eps>
(epstopdf)                    date: 2014-09-11 14:06:59
(epstopdf)                    size: 85065 bytes
(epstopdf)             Output file: <newtonian_window-eps-converted-to.pdf>
(epstopdf)                    date: 2014-09-11 14:06:59
(epstopdf)                    size: 8206 bytes
(epstopdf)             Command: <repstopdf --outfile=newtonian_window-eps-conve
rted-to.pdf newtonian_window.eps>
(epstopdf)             \includegraphics on input line 483.
Package epstopdf Info: Output file is already uptodate.

<newtonian_window-eps-converted-to.pdf, id=132, 361.35pt x 361.35pt>
File: newtonian_window-eps-converted-to.pdf Graphic file (type pdf)

<use newtonian_window-eps-converted-to.pdf>
Package pdftex.def Info: newtonian_window-eps-converted-to.pdf used on input li
ne 483.
(pdftex.def)             Requested size: 230.90128pt x 230.8993pt.
 [11] [12 <./newtonian_window-eps-converted-to.pdf>]
Package epstopdf Info: Source file: <window_nobiases.eps>
(epstopdf)                    date: 2014-09-11 14:06:59
(epstopdf)                    size: 83272 bytes
(epstopdf)             Output file: <window_nobiases-eps-converted-to.pdf>
(epstopdf)                    date: 2014-09-11 14:06:59
(epstopdf)                    size: 7568 bytes
(epstopdf)             Command: <repstopdf --outfile=window_nobiases-eps-conver
ted-to.pdf window_nobiases.eps>
(epstopdf)             \includegraphics on input line 577.
Package epstopdf Info: Output file is already uptodate.

<window_nobiases-eps-converted-to.pdf, id=149, 361.35pt x 361.35pt>
File: window_nobiases-eps-converted-to.pdf Graphic file (type pdf)

<use window_nobiases-eps-converted-to.pdf>
Package pdftex.def Info: window_nobiases-eps-converted-to.pdf used on input lin
e 577.
(pdftex.def)             Requested size: 230.90128pt x 230.8993pt.


LaTeX Warning: Reference `sec:bias' on page 13 undefined on input line 618.

[13 <./window_nobiases-eps-converted-to.pdf>]
Overfull \hbox (10.58255pt too wide) in alignment at lines 675--681
 [][][] []
 []

(./window.bbl [14]) [15] (./window.aux)

LaTeX Warning: There were undefined references.


LaTeX Warning: There were multiply-defined labels.

 ) 
Here is how much of TeX's memory you used:
 5018 strings out of 495028
 68171 string characters out of 6181498
 179279 words of memory out of 5000000
 8095 multiletter control sequences out of 15000+600000
 14781 words of font info for 59 fonts, out of 8000000 for 9000
 14 hyphenation exceptions out of 8191
 39i,11n,28p,2392b,359s stack positions out of 5000i,500n,10000p,200000b,80000s
</usr/share/texlive/texmf-dist/fonts/type1/public/amsfonts/cm/cmbx10.pfb></us
r/share/texlive/texmf-dist/fonts/type1/public/amsfonts/cm/cmbx7.pfb></usr/share
/texlive/texmf-dist/fonts/type1/public/amsfonts/cm/cmbx8.pfb></usr/share/texliv
e/texmf-dist/fonts/type1/public/amsfonts/cm/cmbxti10.pfb></usr/share/texlive/te
xmf-dist/fonts/type1/public/amsfonts/cm/cmcsc10.pfb></usr/share/texlive/texmf-d
ist/fonts/type1/public/amsfonts/cm/cmex10.pfb></usr/share/texlive/texmf-dist/fo
nts/type1/public/amsfonts/cm/cmmi10.pfb></usr/share/texlive/texmf-dist/fonts/ty
pe1/public/amsfonts/cm/cmmi12.pfb></usr/share/texlive/texmf-dist/fonts/type1/pu
blic/amsfonts/cm/cmmi5.pfb></usr/share/texlive/texmf-dist/fonts/type1/public/am
sfonts/cm/cmmi6.pfb></usr/share/texlive/texmf-dist/fonts/type1/public/amsfonts/
cm/cmmi7.pfb></usr/share/texlive/texmf-dist/fonts/type1/public/amsfonts/cm/cmmi
8.pfb></usr/share/texlive/texmf-dist/fonts/type1/public/amsfonts/cm/cmr10.pfb><
/usr/share/texlive/texmf-dist/fonts/type1/public/amsfonts/cm/cmr12.pfb></usr/sh
are/texlive/texmf-dist/fonts/type1/public/amsfonts/cm/cmr5.pfb></usr/share/texl
ive/texmf-dist/fonts/type1/public/amsfonts/cm/cmr6.pfb></usr/share/texlive/texm
f-dist/fonts/type1/public/amsfonts/cm/cmr7.pfb></usr/share/texlive/texmf-dist/f
onts/type1/public/amsfonts/cm/cmr8.pfb></usr/share/texlive/texmf-dist/fonts/typ
e1/public/amsfonts/cm/cmr9.pfb></usr/share/texlive/texmf-dist/fonts/type1/publi
c/amsfonts/cm/cmsy10.pfb></usr/share/texlive/texmf-dist/fonts/type1/public/amsf
onts/cm/cmsy5.pfb></usr/share/texlive/texmf-dist/fonts/type1/public/amsfonts/cm
/cmsy6.pfb></usr/share/texlive/texmf-dist/fonts/type1/public/amsfonts/cm/cmsy7.
pfb></usr/share/texlive/texmf-dist/fonts/type1/public/amsfonts/cm/cmsy8.pfb></u
sr/share/texlive/texmf-dist/fonts/type1/public/amsfonts/cm/cmti10.pfb></usr/sha
re/texlive/texmf-dist/fonts/type1/public/amsfonts/cm/cmti8.pfb></usr/share/texl
ive/texmf-dist/fonts/type1/public/amsfonts/symbols/msam10.pfb></usr/share/texli
ve/texmf-dist/fonts/type1/urw/ncntrsbk/uncr8a.pfb>
Output written on window.pdf (15 pages, 5064838 bytes).
PDF statistics:
 246 PDF objects out of 1000 (max. 8388607)
 147 compressed objects within 2 object streams
 0 named destinations out of 1000 (max. 500000)
 131 words of extra memory for PDF output out of 10000 (max. 10000000)

